#
# There is insufficient memory for the Java Runtime Environment to continue.
# Native memory allocation (mmap) failed to map 260046848 bytes for Failed to commit area from 0x0000000708c00000 to 0x0000000718400000 of length 260046848.
# Possible reasons:
#   The system is out of physical RAM or swap space
#   The process is running with CompressedOops enabled, and the Java Heap may be blocking the growth of the native heap
# Possible solutions:
#   Reduce memory load on the system
#   Increase physical memory or swap space
#   Check if swap backing store is full
#   Decrease Java heap size (-Xmx/-Xms)
#   Decrease number of Java threads
#   Decrease Java thread stack sizes (-Xss)
#   Set larger code cache with -XX:ReservedCodeCacheSize=
# This output file may be truncated or incomplete.
#
#  Out of Memory Error (./src/hotspot/os/windows/os_windows.cpp:3387), pid=1900, tid=3904
#
# JRE version:  (11.0.14.1+1) (build )
# Java VM: OpenJDK 64-Bit Server VM (11.0.14.1+1, mixed mode, sharing, tiered, compressed oops, g1 gc, windows-amd64)
# No core dump will be written. Minidumps are not enabled by default on client versions of Windows
#

---------------  S U M M A R Y ------------

Command Line: -Dfile.encoding=UTF-8 

Host: Intel(R) Core(TM) i7-4710HQ CPU @ 2.50GHz, 8 cores, 15G,  Windows 10 , 64 bit Build 19041 (10.0.19041.1202)
Time: Thu Feb 15 21:15:18 2024 Финляндия (зима) elapsed time: 0.006035 seconds (0d 0h 0m 0s)

---------------  T H R E A D  ---------------

Current thread (0x0000025096c5a000):  JavaThread "Unknown thread" [_thread_in_vm, id=3904, stack(0x000000a3b4e00000,0x000000a3b4f00000)]

Stack: [0x000000a3b4e00000,0x000000a3b4f00000]
Native frames: (J=compiled Java code, j=interpreted, Vv=VM code, C=native code)
V  [jvm.dll+0x61e59a]
V  [jvm.dll+0x7aaca9]
V  [jvm.dll+0x7ac398]
V  [jvm.dll+0x7aca73]
V  [jvm.dll+0x24f9b8]
V  [jvm.dll+0x61b83a]
V  [jvm.dll+0x6100c5]
V  [jvm.dll+0x30772c]
V  [jvm.dll+0x3075b2]
V  [jvm.dll+0x30c2d6]
V  [jvm.dll+0x35272f]
V  [jvm.dll+0x352160]
V  [jvm.dll+0x2e4728]
V  [jvm.dll+0x2e5886]
V  [jvm.dll+0x784b07]
V  [jvm.dll+0x78628f]
V  [jvm.dll+0x35f479]
V  [jvm.dll+0x767aa0]
V  [jvm.dll+0x3ccf1f]
V  [jvm.dll+0x3cf2b1]
C  [jli.dll+0x5207]
C  [ucrtbase.dll+0x21bb2]
C  [KERNEL32.DLL+0x17034]
C  [ntdll.dll+0x52651]


---------------  P R O C E S S  ---------------

Threads class SMR info:
_java_thread_list=0x0000025095380dc0, length=0, elements={
}

Java Threads: ( => current thread )

Other Threads:
  0x0000025096c72000 GCTaskThread "GC Thread#0" [stack: 0x000000a3b4f00000,0x000000a3b5000000] [id=304]
  0x0000025096ccf800 ConcurrentGCThread "G1 Main Marker" [stack: 0x000000a3b5000000,0x000000a3b5100000] [id=952]
  0x0000025096cd0800 ConcurrentGCThread "G1 Conc#0" [stack: 0x000000a3b5100000,0x000000a3b5200000] [id=7172]

[error occurred during error reporting (printing all threads), id 0xc0000005, EXCEPTION_ACCESS_VIOLATION (0xc0000005) at pc=0x00007ffec3f53ef7]

VM state:not at safepoint (not fully initialized)

VM Mutex/Monitor currently owned by a thread:  ([mutex/lock_event])
[0x0000025096c56c30] Heap_lock - owner thread: 0x0000025096c5a000

Heap address: 0x0000000708c00000, size: 3956 MB, Compressed Oops mode: Non-zero based: 0x0000000708c00000
Narrow klass base: 0x0000000000000000, Narrow klass shift: 0

GC Heap History (0 events):
No events

Deoptimization events (0 events):
No events

Classes redefined (0 events):
No events

Internal exceptions (0 events):
No events

Events (1 events):
Event: 0.004 Loaded shared library C:\Program Files\Unity\Hub\Editor\2022.3.10f1\Editor\Data\PlaybackEngines\AndroidPlayer\OpenJDK\bin\zip.dll


Dynamic libraries:
0x00007ff7cbda0000 - 0x00007ff7cbdad000 	C:\Program Files\Unity\Hub\Editor\2022.3.10f1\Editor\Data\PlaybackEngines\AndroidPlayer\OpenJDK\bin\java.exe
0x00007fff068b0000 - 0x00007fff06aa5000 	C:\Windows\SYSTEM32\ntdll.dll
0x00007fff053a0000 - 0x00007fff0545e000 	C:\Windows\System32\KERNEL32.DLL
0x00007fff04500000 - 0x00007fff047c9000 	C:\Windows\System32\KERNELBASE.dll
0x00007fff04400000 - 0x00007fff04500000 	C:\Windows\System32\ucrtbase.dll
0x00007ffefde10000 - 0x00007ffefde27000 	C:\Program Files\Unity\Hub\Editor\2022.3.10f1\Editor\Data\PlaybackEngines\AndroidPlayer\OpenJDK\bin\jli.dll
0x00007ffefddf0000 - 0x00007ffefde05000 	C:\Program Files\Unity\Hub\Editor\2022.3.10f1\Editor\Data\PlaybackEngines\AndroidPlayer\OpenJDK\bin\VCRUNTIME140.dll
0x00007fff04e00000 - 0x00007fff04fa1000 	C:\Windows\System32\USER32.dll
0x00007fff03fd0000 - 0x00007fff03ff2000 	C:\Windows\System32\win32u.dll
0x00007ffef1930000 - 0x00007ffef1bca000 	C:\Windows\WinSxS\amd64_microsoft.windows.common-controls_6595b64144ccf1df_6.0.19041.1110_none_60b5254171f9507e\COMCTL32.dll
0x00007fff06720000 - 0x00007fff0674b000 	C:\Windows\System32\GDI32.dll
0x00007fff04cc0000 - 0x00007fff04d5e000 	C:\Windows\System32\msvcrt.dll
0x00007fff042f0000 - 0x00007fff043fb000 	C:\Windows\System32\gdi32full.dll
0x00007fff04860000 - 0x00007fff048fd000 	C:\Windows\System32\msvcp_win.dll
0x00007fff05ce0000 - 0x00007fff05d10000 	C:\Windows\System32\IMM32.DLL
0x00007ffeee540000 - 0x00007ffeee5db000 	C:\Program Files\Unity\Hub\Editor\2022.3.10f1\Editor\Data\PlaybackEngines\AndroidPlayer\OpenJDK\bin\msvcp140.dll
0x00007ffec3c60000 - 0x00007ffec47e1000 	C:\Program Files\Unity\Hub\Editor\2022.3.10f1\Editor\Data\PlaybackEngines\AndroidPlayer\OpenJDK\bin\server\jvm.dll
0x00007fff052e0000 - 0x00007fff0538c000 	C:\Windows\System32\ADVAPI32.dll
0x00007fff04d60000 - 0x00007fff04dfb000 	C:\Windows\System32\sechost.dll
0x00007fff05bb0000 - 0x00007fff05cda000 	C:\Windows\System32\RPCRT4.dll
0x00007fff051c0000 - 0x00007fff051c8000 	C:\Windows\System32\PSAPI.DLL
0x00007ffefaf00000 - 0x00007ffefaf27000 	C:\Windows\SYSTEM32\WINMM.dll
0x00007fff00a20000 - 0x00007fff00a29000 	C:\Windows\SYSTEM32\WSOCK32.dll
0x00007ffefefb0000 - 0x00007ffefefba000 	C:\Windows\SYSTEM32\VERSION.dll
0x00007fff060c0000 - 0x00007fff0612b000 	C:\Windows\System32\WS2_32.dll
0x00007fff01df0000 - 0x00007fff01e02000 	C:\Windows\SYSTEM32\kernel.appcore.dll
0x00007ffefdde0000 - 0x00007ffefddf0000 	C:\Program Files\Unity\Hub\Editor\2022.3.10f1\Editor\Data\PlaybackEngines\AndroidPlayer\OpenJDK\bin\verify.dll
0x00007ffef7f70000 - 0x00007ffef8154000 	C:\Windows\SYSTEM32\DBGHELP.DLL
0x00007ffeed600000 - 0x00007ffeed62c000 	C:\Windows\SYSTEM32\dbgcore.DLL
0x00007fff047d0000 - 0x00007fff04853000 	C:\Windows\System32\bcryptPrimitives.dll
0x00007ffefddb0000 - 0x00007ffefddd8000 	C:\Program Files\Unity\Hub\Editor\2022.3.10f1\Editor\Data\PlaybackEngines\AndroidPlayer\OpenJDK\bin\java.dll
0x00007ffefdda0000 - 0x00007ffefddaa000 	C:\Program Files\Unity\Hub\Editor\2022.3.10f1\Editor\Data\PlaybackEngines\AndroidPlayer\OpenJDK\bin\jimage.dll
0x00007ffefdd80000 - 0x00007ffefdd98000 	C:\Program Files\Unity\Hub\Editor\2022.3.10f1\Editor\Data\PlaybackEngines\AndroidPlayer\OpenJDK\bin\zip.dll

dbghelp: loaded successfully - version: 4.0.5 - missing functions: none
symbol engine: initialized successfully - sym options: 0x614 - pdb path: .;C:\Program Files\Unity\Hub\Editor\2022.3.10f1\Editor\Data\PlaybackEngines\AndroidPlayer\OpenJDK\bin;C:\Windows\SYSTEM32;C:\Windows\WinSxS\amd64_microsoft.windows.common-controls_6595b64144ccf1df_6.0.19041.1110_none_60b5254171f9507e;C:\Program Files\Unity\Hub\Editor\2022.3.10f1\Editor\Data\PlaybackEngines\AndroidPlayer\OpenJDK\bin\server

VM Arguments:
jvm_args: -Dfile.encoding=UTF-8 
java_command: <unknown>
java_class_path (initial): <not set>
Launcher Type: SUN_STANDARD

[Global flags]
     intx CICompilerCount                          = 4                                         {product} {ergonomic}
     uint ConcGCThreads                            = 2                                         {product} {ergonomic}
     uint G1ConcRefinementThreads                  = 8                                         {product} {ergonomic}
   size_t G1HeapRegionSize                         = 1048576                                   {product} {ergonomic}
    uintx GCDrainStackTargetSize                   = 64                                        {product} {ergonomic}
   size_t InitialHeapSize                          = 260046848                                 {product} {ergonomic}
   size_t MarkStackSize                            = 4194304                                   {product} {ergonomic}
   size_t MaxHeapSize                              = 4148166656                                {product} {ergonomic}
   size_t MinHeapDeltaBytes                        = 1048576                                   {product} {ergonomic}
    uintx NonNMethodCodeHeapSize                   = 5836300                                {pd product} {ergonomic}
    uintx NonProfiledCodeHeapSize                  = 122910970                              {pd product} {ergonomic}
    uintx ProfiledCodeHeapSize                     = 122910970                              {pd product} {ergonomic}
    uintx ReservedCodeCacheSize                    = 251658240                              {pd product} {ergonomic}
     bool SegmentedCodeCache                       = true                                      {product} {ergonomic}
     bool UseCompressedClassPointers               = true                                 {lp64_product} {ergonomic}
     bool UseCompressedOops                        = true                                 {lp64_product} {ergonomic}
     bool UseG1GC                                  = true                                      {product} {ergonomic}
     bool UseLargePagesIndividualAllocation        = false                                  {pd product} {ergonomic}

Logging:
Log output configuration:
 #0: stdout all=warning uptime,level,tags
 #1: stderr all=off uptime,level,tags

Environment Variables:
JAVA_TOOL_OPTIONS=-Dfile.encoding=UTF-8
PATH=C:\Windows\system32;C:\Windows;C:\Windows\System32\Wbem;C:\Windows\System32\WindowsPowerShell\v1.0\;C:\Users\Artem\AppData\Local\Microsoft\WindowsApps;
USERNAME=Artem
OS=Windows_NT
PROCESSOR_IDENTIFIER=Intel64 Family 6 Model 60 Stepping 3, GenuineIntel



---------------  S Y S T E M  ---------------

OS: Windows 10 , 64 bit Build 19041 (10.0.19041.1202)
OS uptime: 0 days 4:15 hours

CPU:total 8 (initial active 8) (4 cores per cpu, 2 threads per core) family 6 model 60 stepping 3 microcode 0x27, cmov, cx8, fxsr, mmx, sse, sse2, sse3, ssse3, sse4.1, sse4.2, popcnt, avx, avx2, aes, clmul, erms, lzcnt, ht, tsc, tscinvbit, bmi1, bmi2, fma

Memory: 4k page, system-wide physical 15818M (1411M free)
TotalPageFile size 15834M (AvailPageFile size 231M)
current process WorkingSet (physical memory assigned to process): 9M, peak: 9M
current process commit charge ("private bytes"): 60M, peak: 308M

vm_info: OpenJDK 64-Bit Server VM (11.0.14.1+1) for windows-amd64 JRE (11.0.14.1+1), built on Feb  9 2022 01:48:27 by "" with unknown MS VC++:1916

END.
